<?xml version="1.0" encoding="UTF-8"?>
<!-- Generated by org.testng.reporters.JUnitReportReporter -->
<testsuite hostname="Suraj" failures="0" tests="2" name="com.sportyshoe.restAssuredScripts.PostAndPutNewShoe" time="2.039" errors="0" timestamp="2023-11-15T16:56:47 IST" skipped="0">
  <testcase classname="com.sportyshoe.restAssuredScripts.PostAndPutNewShoe" name="add_new_product" time="1.988"/>
  <system-out/>
  <testcase classname="com.sportyshoe.restAssuredScripts.PostAndPutNewShoe" name="update_a_product" time="0.051"/>
  <system-out/>
</testsuite> <!-- com.sportyshoe.restAssuredScripts.PostAndPutNewShoe -->
