<?xml version="1.0" encoding="UTF-8"?>
<!-- Generated by org.testng.reporters.JUnitReportReporter -->
<testsuite hostname="Suraj" failures="0" tests="1" name="com.sportyshoe.SeleniumCucumberScripts.SetupCheck" time="7.817" errors="0" timestamp="2023-11-15T16:04:55 IST" skipped="0">
  <testcase classname="com.sportyshoe.SeleniumCucumberScripts.SetupCheck" name="testsetup_Selenium" time="7.817"/>
  <system-out/>
</testsuite> <!-- com.sportyshoe.SeleniumCucumberScripts.SetupCheck -->
