<?xml version="1.0" encoding="UTF-8"?>
<!-- Generated by org.testng.reporters.JUnitReportReporter -->
<testsuite hostname="Suraj" failures="0" tests="2" name="com.sportyshoe.restAssuredScripts.GetAllShoes" time="2.066" errors="0" timestamp="2023-11-15T16:54:47 IST" skipped="0">
  <testcase classname="com.sportyshoe.restAssuredScripts.GetAllShoes" name="get_all_shoes" time="2.041"/>
  <system-out/>
  <testcase classname="com.sportyshoe.restAssuredScripts.GetAllShoes" name="get_all_users" time="0.025"/>
  <system-out/>
</testsuite> <!-- com.sportyshoe.restAssuredScripts.GetAllShoes -->
