<?xml version="1.0" encoding="UTF-8"?>
<!-- Generated by org.testng.reporters.JUnitReportReporter -->
<testsuite hostname="Suraj" failures="0" tests="4" name="com.sportyshoe.Tests.LoginPageTest" time="0.784" errors="0" timestamp="2023-11-15T16:40:51 IST" skipped="0">
  <testcase classname="com.sportyshoe.Tests.LoginPageTest" name="test_login" time="0.394"/>
  <system-out/>
  <testcase classname="com.sportyshoe.Tests.LoginPageTest" name="test_getTitle_page" time="0.162"/>
  <system-out/>
  <testcase classname="com.sportyshoe.Tests.LoginPageTest" name="Test_validate_registration_Text" time="0.076"/>
  <system-out/>
  <testcase classname="com.sportyshoe.Tests.LoginPageTest" name="test_click_cart" time="0.152"/>
  <system-out/>
</testsuite> <!-- com.sportyshoe.Tests.LoginPageTest -->
