<?xml version="1.0" encoding="UTF-8"?>
<!-- Generated by org.testng.reporters.JUnitReportReporter -->
<testsuite hostname="Suraj" failures="0" tests="1" name="com.sportyshoe.restAssuredScripts.DeleteShoe" time="2.044" errors="0" timestamp="2023-11-15T16:58:27 IST" skipped="0">
  <testcase classname="com.sportyshoe.restAssuredScripts.DeleteShoe" name="delete_product" time="2.044"/>
  <system-out/>
</testsuite> <!-- com.sportyshoe.restAssuredScripts.DeleteShoe -->
