<?xml version="1.0" encoding="UTF-8"?>
<!-- Generated by org.testng.reporters.JUnitReportReporter -->
<testsuite hostname="Suraj" failures="0" tests="3" name="com.sportyshoe.Tests.OrderpageTest" time="0.734" errors="0" timestamp="2023-11-15T16:13:03 IST" skipped="0">
  <testcase classname="com.sportyshoe.Tests.OrderpageTest" name="test_login" time="0.564"/>
  <system-out/>
  <testcase classname="com.sportyshoe.Tests.OrderpageTest" name="test_click_orders" time="0.144"/>
  <system-out/>
  <testcase classname="com.sportyshoe.Tests.OrderpageTest" name="test_getTitle_page" time="0.026"/>
  <system-out/>
</testsuite> <!-- com.sportyshoe.Tests.OrderpageTest -->
