<?xml version="1.0" encoding="UTF-8"?>
<!-- Generated by org.testng.reporters.JUnitReportReporter -->
<testsuite hostname="Suraj" failures="0" tests="5" name="com.sportyshoe.Tests.RegisterPageTest" time="2.362" errors="0" timestamp="2023-11-15T16:09:37 IST" skipped="0">
  <testcase classname="com.sportyshoe.Tests.RegisterPageTest" name="test_click_register_link" time="1.711"/>
  <system-out/>
  <testcase classname="com.sportyshoe.Tests.RegisterPageTest" name="test_getTitle_page" time="0.019"/>
  <system-out/>
  <testcase classname="com.sportyshoe.Tests.RegisterPageTest" name="Test_register_user" time="0.559"/>
  <system-out/>
  <testcase classname="com.sportyshoe.Tests.RegisterPageTest" name="Test_validate_registration_URL" time="0.013"/>
  <system-out/>
  <testcase classname="com.sportyshoe.Tests.RegisterPageTest" name="Test_validate_registration_Text" time="0.060"/>
  <system-out/>
</testsuite> <!-- com.sportyshoe.Tests.RegisterPageTest -->
